<?xml version="1.0" encoding="utf-8"?><testsuites name="pytest tests"><testsuite name="pytest" errors="0" failures="1" skipped="0" tests="18" time="72.888" timestamp="2026-07-09T10:32:40.229388+00:00" hostname="agent-env-963a5c86-9030-4855-85c7-9c3a7ff4c2ed"><testcase classname="tests.test_features_enhancements.TestRegression" name="test_login_ok" time="0.760" /><testcase classname="tests.test_features_enhancements.TestRegression" name="test_auth_me" time="0.135" /><testcase classname="tests.test_features_enhancements.TestCustomQuestions" name="test_set_and_get_questions" time="1.043" /><testcase classname="tests.test_features_enhancements.TestRegression" name="test_shops_list_public" time="0.128" /><testcase classname="tests.test_features_enhancements.TestRegression" name="test_shops_have_new_fields" time="0.093"><failure message="AssertionError: assert 'photo_url' in {'name': 'Warrington Boutique', 'slug': 'warrington', 'role_label': 'Wedding Dresses', 'address': '3-5 Fennel Street, Warrington, WA1 2PA', ...}">backend/tests/test_features_enhancements.py:84: in test_shops_have_new_fields
    assert "photo_url" in s
E   AssertionError: assert 'photo_url' in {'name': 'Warrington Boutique', 'slug': 'warrington', 'role_label': 'Wedding Dresses', 'address': '3-5 Fennel Street, Warrington, WA1 2PA', ...}</failure></testcase><testcase classname="tests.test_features_enhancements.TestCustomQuestions" name="test_booking_stores_answers" time="1.371" /><testcase classname="tests.test_features_enhancements.TestCsvExport" name="test_csv_export" time="0.127" /><testcase classname="tests.test_features_enhancements.TestCsvExport" name="test_csv_export_requires_auth" time="0.137" /><testcase classname="tests.test_features_enhancements.TestIcalFeed" name="test_ical_feed" time="0.231" /><testcase classname="tests.test_features_enhancements.TestIcalFeed" name="test_ical_wrong_token_404" time="0.291" /><testcase classname="tests.test_features_enhancements.TestWaitlist" name="test_add_and_admin_flow" time="0.647" /><testcase classname="tests.test_features_enhancements.TestCapacityAndBuffer" name="test_capacity_allows_two_bookings_at_same_time" time="50.479" /><testcase classname="tests.test_features_enhancements.TestWaitlist" name="test_waitlist_requires_auth_for_admin_endpoints" time="0.088" /><testcase classname="tests.test_features_enhancements.TestBoutiqueDetails" name="test_patch_hours_and_photo" time="0.192" /><testcase classname="tests.test_features_enhancements.TestPublicBookingIcs" name="test_create_and_get_ics" time="42.416" /><testcase classname="tests.test_features_enhancements.TestBackwardCompat" name="test_booking_without_answers" time="20.567" /><testcase classname="tests.test_features_enhancements.TestCapacityAndBuffer" name="test_buffer_excludes_overlapping_slots" time="1.250" /><testcase classname="tests.test_features_enhancements.TestPartialDayBlock" name="test_partial_and_whole_day_blocks" time="17.977" /></testsuite></testsuites>