<?xml version="1.0" encoding="utf-8"?><testsuites name="pytest tests"><testsuite name="pytest" errors="0" failures="0" skipped="0" tests="15" time="3.437" timestamp="2026-07-10T10:58:52.949784+00:00" hostname="agent-env-963a5c86-9030-4855-85c7-9c3a7ff4c2ed"><testcase classname="tests.test_iteration9_features" name="test_source_question_seeded_on_all_shops" time="0.547" /><testcase classname="tests.test_iteration9_features" name="test_analytics_shape" time="0.135" /><testcase classname="tests.test_iteration9_features" name="test_analytics_filter_by_shop" time="0.108" /><testcase classname="tests.test_iteration9_features" name="test_customers_list_and_detail" time="0.253" /><testcase classname="tests.test_iteration9_features" name="test_customers_search" time="0.097" /><testcase classname="tests.test_iteration9_features" name="test_customer_detail_404" time="0.096" /><testcase classname="tests.test_iteration9_features" name="test_answers_persisted_on_booking" time="0.420" /><testcase classname="tests.test_iteration9_features" name="test_bookings_status_filter_no_show" time="0.130" /><testcase classname="tests.test_iteration9_features" name="test_patch_booking_to_no_show" time="0.297" /><testcase classname="tests.test_iteration9_features" name="test_analytics_source_reflects_answer" time="0.090" /><testcase classname="tests.test_iteration9_features" name="test_follow_up_creates_series" time="0.288" /><testcase classname="tests.test_iteration9_features" name="test_follow_up_invalid_slot_returns_409" time="0.100" /><testcase classname="tests.test_iteration9_features" name="test_follow_up_parent_not_found" time="0.116" /><testcase classname="tests.test_iteration9_features" name="test_regression_confirm_complete_cancel" time="0.283" /><testcase classname="tests.test_iteration9_features" name="test_regression_csv_export" time="0.388" /></testsuite></testsuites>