<?xml version="1.0" encoding="utf-8"?><testsuites name="pytest tests"><testsuite name="pytest" errors="0" failures="0" skipped="0" tests="12" time="6.166" timestamp="2026-07-12T08:18:44.816068+00:00" hostname="agent-env-963a5c86-9030-4855-85c7-9c3a7ff4c2ed"><testcase classname="tests.test_payments_multi.TestConfigShape" name="test_shape" time="0.625" /><testcase classname="tests.test_payments_multi.TestSettingsMethods" name="test_set_two_methods_and_bank" time="0.214" /><testcase classname="tests.test_payments_multi.TestSettingsMethods" name="test_server_caps_to_three" time="0.186" /><testcase classname="tests.test_payments_multi.TestSettingsMethods" name="test_reset_to_empty" time="0.193" /><testcase classname="tests.test_payments_multi.TestBookingMatrix" name="test_no_methods_regression" time="0.655" /><testcase classname="tests.test_payments_multi.TestBookingMatrix" name="test_only_in_person" time="0.666" /><testcase classname="tests.test_payments_multi.TestBookingMatrix" name="test_online_and_in_person_pending" time="0.639" /><testcase classname="tests.test_payments_multi.TestBookingMatrix" name="test_notify_paid_marks_claim" time="0.820" /><testcase classname="tests.test_payments_multi.TestBookingMatrix" name="test_pay_in_person_endpoint" time="0.817" /><testcase classname="tests.test_payments_multi.TestBookingMatrix" name="test_paypal_create_order_400" time="0.755" /><testcase classname="tests.test_payments_multi.TestAdminRegression" name="test_dashboard_stats_ok" time="0.105" /><testcase classname="tests.test_payments_multi.TestAdminRegression" name="test_csv_export_has_payment" time="0.392" /></testsuite></testsuites>