<?xml version="1.0" encoding="utf-8"?><testsuites name="pytest tests"><testsuite name="pytest" errors="0" failures="0" skipped="0" tests="14" time="7.736" timestamp="2026-07-11T12:36:45.519659+00:00" hostname="agent-env-963a5c86-9030-4855-85c7-9c3a7ff4c2ed"><testcase classname="tests.test_payments.TestPaymentsConfig" name="test_config_public_shape" time="0.921" /><testcase classname="tests.test_payments.TestSettingsPaymentMethod" name="test_set_paypal_me" time="0.207" /><testcase classname="tests.test_payments.TestSettingsPaymentMethod" name="test_set_in_person" time="0.203" /><testcase classname="tests.test_payments.TestSettingsPaymentMethod" name="test_set_off" time="0.200" /><testcase classname="tests.test_payments.TestShopDeposit" name="test_set_and_persist_deposit" time="0.192" /><testcase classname="tests.test_payments.TestBookingPaymentLogic" name="test_method_off_gives_not_required" time="0.727" /><testcase classname="tests.test_payments.TestBookingPaymentLogic" name="test_in_person_gives_pay_in_person" time="0.697" /><testcase classname="tests.test_payments.TestBookingPaymentLogic" name="test_paypal_me_gives_pending" time="0.703" /><testcase classname="tests.test_payments.TestBookingPaymentLogic" name="test_zero_deposit_gives_not_required" time="0.676" /><testcase classname="tests.test_payments.TestBookingPaymentEndpoints" name="test_pay_in_person_endpoint" time="0.949" /><testcase classname="tests.test_payments.TestBookingPaymentEndpoints" name="test_paypal_create_order_400_when_unconfigured" time="0.790" /><testcase classname="tests.test_payments.TestAdminMarkPaid" name="test_mark_paid_then_unpaid" time="0.896" /><testcase classname="tests.test_payments.TestAdminMarkPaid" name="test_invalid_payment_status_rejected" time="0.190" /><testcase classname="tests.test_payments.TestCSVExport" name="test_csv_has_payment_columns" time="0.295" /></testsuite></testsuites>