<?xml version="1.0" encoding="utf-8"?><testsuites name="pytest tests"><testsuite name="pytest" errors="0" failures="0" skipped="0" tests="9" time="7.621" timestamp="2026-07-08T12:28:34.740094+00:00" hostname="agent-env-963a5c86-9030-4855-85c7-9c3a7ff4c2ed"><testcase classname="tests.test_update_profile.TestRegression" name="test_superadmin_login" time="0.610" /><testcase classname="tests.test_update_profile.TestUpdateProfile" name="test_update_name_only" time="1.990" /><testcase classname="tests.test_update_profile.TestRegression" name="test_change_password_still_works" time="3.029" /><testcase classname="tests.test_update_profile.TestUpdateProfile" name="test_update_email_and_login_with_new_email" time="1.989" /><testcase classname="tests.test_update_profile.TestRegression" name="test_2fa_setup_endpoint" time="1.315" /><testcase classname="tests.test_update_profile.TestUpdateProfile" name="test_email_lowercased" time="1.243" /><testcase classname="tests.test_update_profile.TestUpdateProfile" name="test_email_conflict_returns_400" time="0.924" /><testcase classname="tests.test_update_profile.TestUpdateProfile" name="test_update_own_email_no_op" time="0.885" /><testcase classname="tests.test_update_profile.TestUpdateProfile" name="test_unauthenticated_rejected" time="0.096" /></testsuite></testsuites>