<?xml version="1.0" encoding="utf-8"?><testsuites name="pytest tests"><testsuite name="pytest" errors="0" failures="0" skipped="0" tests="30" time="8.009" timestamp="2026-07-08T11:25:25.350859+00:00" hostname="agent-env-963a5c86-9030-4855-85c7-9c3a7ff4c2ed"><testcase classname="tests.backend_test.TestAdmins" name="test_non_superadmin_forbidden" time="0.701" /><testcase classname="tests.backend_test.TestPublicBooking" name="test_slots_on_monday_closed" time="0.799" /><testcase classname="tests.backend_test.TestAdmins" name="test_list_admins" time="0.156" /><testcase classname="tests.backend_test.TestPublicBooking" name="test_slots_on_tuesday" time="0.047" /><testcase classname="tests.backend_test.TestPublicBooking" name="test_appointment_types_public" time="0.050" /><testcase classname="tests.backend_test.TestAdmins" name="test_create_and_duplicate_and_max" time="1.448" /><testcase classname="tests.backend_test.TestPublicBooking" name="test_full_booking_flow_and_overlap" time="0.644" /><testcase classname="tests.backend_test.TestPublicBooking" name="test_booking_bad_slot_rejected" time="0.267" /><testcase classname="tests.backend_test.TestAuth" name="test_login_success" time="0.000" /><testcase classname="tests.backend_test.TestAuth" name="test_login_bad_password" time="0.451" /><testcase classname="tests.backend_test.TestAuth" name="test_me" time="0.049" /><testcase classname="tests.backend_test.TestAdmins" name="test_patch_deactivate_and_delete" time="0.367" /><testcase classname="tests.backend_test.TestAuth" name="test_me_unauth" time="0.087" /><testcase classname="tests.backend_test.TestShops" name="test_list_shops" time="0.000" /><testcase classname="tests.backend_test.TestShops" name="test_warrington_details" time="0.000" /><testcase classname="tests.backend_test.TestShops" name="test_runcorn_details" time="0.000" /><testcase classname="tests.backend_test.TestSettings" name="test_get_settings_masked" time="0.227" /><testcase classname="tests.backend_test.TestSettings" name="test_put_settings" time="0.135" /><testcase classname="tests.backend_test.TestAdmins" name="test_cannot_delete_superadmin" time="0.096" /><testcase classname="tests.backend_test.TestSettings" name="test_settings_forbidden_for_admin" time="0.857" /><testcase classname="tests.backend_test.TestAdmins" name="test_non_superadmin_403" time="0.723" /><testcase classname="tests.backend_test.TestAdmins" name="test_cleanup_created_admins" time="0.200" /><testcase classname="tests.backend_test.TestAppointmentTypes" name="test_create_bad_duration" time="0.097" /><testcase classname="tests.backend_test.TestAppointmentTypes" name="test_crud" time="0.232" /><testcase classname="tests.backend_test.TestAvailability" name="test_get_availability" time="0.114" /><testcase classname="tests.backend_test.TestAvailability" name="test_blocked_date" time="0.196" /><testcase classname="tests.backend_test.TestChangePassword" name="test_change_password_flow" time="2.217" /><testcase classname="tests.backend_test.TestTwoFA" name="test_2fa_lifecycle" time="3.120" /><testcase classname="tests.backend_test.TestBookingsAdmin" name="test_list_and_update" time="0.463" /><testcase classname="tests.backend_test.TestDashboard" name="test_stats" time="0.329" /></testsuite></testsuites>