<?xml version="1.0" encoding="utf-8"?><testsuites name="pytest tests"><testsuite name="pytest" errors="0" failures="0" skipped="0" tests="12" time="4.214" timestamp="2026-07-08T11:46:35.690019+00:00" hostname="agent-env-963a5c86-9030-4855-85c7-9c3a7ff4c2ed"><testcase classname="tests.test_manage_and_settings.TestPublicGetByReference" name="test_get_existing" time="0.588" /><testcase classname="tests.test_manage_and_settings.TestPublicGetByReference" name="test_get_nonexistent" time="0.044" /><testcase classname="tests.test_manage_and_settings.TestPublicReschedule" name="test_reschedule_to_valid_slot" time="0.376" /><testcase classname="tests.test_manage_and_settings.TestPublicReschedule" name="test_reschedule_nonexistent_returns_404" time="0.044" /><testcase classname="tests.test_manage_and_settings.TestPublicReschedule" name="test_reschedule_to_occupied_slot_returns_409" time="0.473" /><testcase classname="tests.test_manage_and_settings.TestPublicReschedule" name="test_reschedule_to_own_current_slot_ok" time="0.372" /><testcase classname="tests.test_manage_and_settings.TestPublicCancel" name="test_cancel_flow_and_slot_frees" time="0.504" /><testcase classname="tests.test_manage_and_settings.TestPublicCancel" name="test_cancel_nonexistent" time="0.046" /><testcase classname="tests.test_manage_and_settings.TestSettingsNewFields" name="test_a_put_persists_new_fields" time="0.209" /><testcase classname="tests.test_manage_and_settings.TestSettingsNewFields" name="test_b_get_includes_new_fields" time="0.040" /><testcase classname="tests.test_manage_and_settings.TestRegression" name="test_login_and_shops" time="0.322" /><testcase classname="tests.test_manage_and_settings.TestRegression" name="test_warrington_hours" time="1.115" /></testsuite></testsuites>