<?xml version="1.0" encoding="utf-8"?><testsuites name="pytest tests"><testsuite name="pytest" errors="0" failures="0" skipped="0" tests="8" time="3.076" timestamp="2026-07-14T10:27:35.191104+00:00" hostname="agent-env-963a5c86-9030-4855-85c7-9c3a7ff4c2ed"><testcase classname="tests.test_smtp_email" name="test_settings_persists_smtp_encryption_and_masks_password" time="0.574" /><testcase classname="tests.test_smtp_email" name="test_ssl_465_path_reaches_auth_stage" time="0.454" /><testcase classname="tests.test_smtp_email" name="test_tls_587_path_reaches_auth_stage" time="0.332" /><testcase classname="tests.test_smtp_email" name="test_bad_host_returns_400_with_clear_message" time="0.218" /><testcase classname="tests.test_smtp_email" name="test_test_email_requires_config" time="0.205" /><testcase classname="tests.test_smtp_email" name="test_public_booking_still_works_without_smtp" time="0.395" /><testcase classname="tests.test_smtp_email" name="test_zzz_cleanup_reset_settings" time="0.193" /><testcase classname="tests.test_smtp_email" name="test_zzz_cleanup_test_bookings" time="0.183" /></testsuite></testsuites>