<?xml version="1.0" encoding="utf-8"?><testsuites name="pytest tests"><testsuite name="pytest" errors="0" failures="0" skipped="0" tests="14" time="2.970" timestamp="2026-07-08T12:52:46.319963+00:00" hostname="agent-env-963a5c86-9030-4855-85c7-9c3a7ff4c2ed"><testcase classname="tests.test_smtp_per_admin.TestMyEmailSettings" name="test_get_defaults_for_super" time="0.526" /><testcase classname="tests.test_smtp_per_admin.TestMyEmailSettings" name="test_put_persists_and_password_is_masked_on_get" time="0.095" /><testcase classname="tests.test_smtp_per_admin.TestMyEmailSettings" name="test_put_with_mask_does_not_overwrite_password" time="0.088" /><testcase classname="tests.test_smtp_per_admin.TestMyEmailSettings" name="test_test_endpoint_with_bogus_host_returns_400" time="0.099" /><testcase classname="tests.test_smtp_per_admin.TestNoPasswordLeak" name="test_auth_me_no_smtp_password" time="0.052" /><testcase classname="tests.test_smtp_per_admin.TestNoPasswordLeak" name="test_admins_list_no_smtp_password" time="0.049" /><testcase classname="tests.test_smtp_per_admin.TestNoPasswordLeak" name="test_update_profile_no_smtp_password" time="0.088" /><testcase classname="tests.test_smtp_per_admin.TestIsolation" name="test_new_admin_sees_no_smtp_and_email_defaults_to_login" time="0.668" /><testcase classname="tests.test_smtp_per_admin.TestIsolation" name="test_admin_test_endpoint_400_when_unconfigured" time="0.045" /><testcase classname="tests.test_smtp_per_admin.TestIsolation" name="test_admin_can_set_own_smtp_without_affecting_super" time="0.177" /><testcase classname="tests.test_smtp_per_admin.TestRegression" name="test_super_login" time="0.325" /><testcase classname="tests.test_smtp_per_admin.TestRegression" name="test_update_profile_roundtrip" time="0.178" /><testcase classname="tests.test_smtp_per_admin.TestRegression" name="test_change_password_validates_current" time="0.267" /><testcase classname="tests.test_smtp_per_admin.TestRegression" name="test_2fa_setup_returns_qr" time="0.256" /></testsuite></testsuites>